<?xml version="1.0" encoding="UTF-8"?>
<!-- Generated by org.testng.reporters.JUnitReportReporter -->
<testsuite hostname="DESKTOP-IG5V1RQ" failures="0" tests="2" name="MavenTestNGMavenTestNG.SwagLabsTest" time="1.074" errors="0" timestamp="2024-10-09T12:10:56 EET" skipped="0">
  <testcase classname="MavenTestNGMavenTestNG.SwagLabsTest" name="Login" time="0.644"/>
  <system-out/>
  <testcase classname="MavenTestNGMavenTestNG.SwagLabsTest" name="Addcart" time="0.430"/>
  <system-out/>
</testsuite> <!-- MavenTestNGMavenTestNG.SwagLabsTest -->
