<?xml version="1.0" encoding="UTF-8"?>
<!-- Generated by org.testng.reporters.JUnitReportReporter -->
<testsuite hostname="DESKTOP-IG5V1RQ" failures="0" tests="2" name="MavenTestNG.NewTest" time="0.015" errors="0" timestamp="2024-10-03T13:25:00 EET" skipped="0">
  <testcase classname="MavenTestNG.NewTest" name="f" time="0.011"/>
  <system-out/>
  <testcase classname="MavenTestNG.NewTest" name="g" time="0.004"/>
  <system-out/>
</testsuite> <!-- MavenTestNG.NewTest -->
