<?xml version="1.0" encoding="UTF-8"?>
<!-- Generated by org.testng.reporters.JUnitReportReporter -->
<testsuite hostname="DESKTOP-IG5V1RQ" failures="0" tests="2" name="MavenTestNGMavenTestNG.SwagLabs" time="1.274" errors="0" timestamp="2024-10-08T14:50:04 EET" skipped="0">
  <testcase classname="MavenTestNGMavenTestNG.SwagLabs" name="Login" time="0.573"/>
  <system-out/>
  <testcase classname="MavenTestNGMavenTestNG.SwagLabs" name="Addcart" time="0.701"/>
  <system-out/>
</testsuite> <!-- MavenTestNGMavenTestNG.SwagLabs -->
