<?xml version="1.0" encoding="UTF-8"?>
<!-- Generated by org.testng.reporters.JUnitReportReporter -->
<testsuite hostname="DESKTOP-IG5V1RQ" failures="0" tests="7" name="MavenTestNGMavenTestNG.AutomationTestStore" time="29.898" errors="0" timestamp="2024-10-21T18:13:51 EET" skipped="0">
  <testcase classname="MavenTestNGMavenTestNG.AutomationTestStore" name="Sigup" time="8.994"/>
  <system-out/>
  <testcase classname="MavenTestNGMavenTestNG.AutomationTestStore" name="Logout" time="3.774"/>
  <system-out/>
  <testcase classname="MavenTestNGMavenTestNG.AutomationTestStore" name="Login" time="1.844"/>
  <system-out/>
  <testcase classname="MavenTestNGMavenTestNG.AutomationTestStore" name="choseRandomProduct" time="0.904"/>
  <system-out/>
  <testcase classname="MavenTestNGMavenTestNG.AutomationTestStore" name="addToCart" time="13.313"/>
  <system-out/>
  <testcase classname="MavenTestNGMavenTestNG.AutomationTestStore" name="checkOut" time="0.648"/>
  <system-out/>
  <testcase classname="MavenTestNGMavenTestNG.AutomationTestStore" name="confiram" time="0.421"/>
  <system-out/>
</testsuite> <!-- MavenTestNGMavenTestNG.AutomationTestStore -->
