<?xml version="1.0" encoding="UTF-8"?>
<!-- Generated by org.testng.reporters.JUnitReportReporter -->
<testsuite hostname="DESKTOP-IG5V1RQ" failures="0" tests="3" name="MavenTestNGMavenTestNG.Testcase" time="13.240" errors="0" timestamp="2024-10-09T15:58:08 EET" skipped="0">
  <testcase classname="MavenTestNGMavenTestNG.Testcase" name="login" time="3.968"/>
  <system-out/>
  <testcase classname="MavenTestNGMavenTestNG.Testcase" name="chooseRandomServers" time="6.122"/>
  <system-out/>
  <testcase classname="MavenTestNGMavenTestNG.Testcase" name="enterInstruction" time="3.150"/>
  <system-out/>
</testsuite> <!-- MavenTestNGMavenTestNG.Testcase -->
